<?xml version="1.0" encoding="UTF-8"?>
<!-- Generated by org.testng.reporters.JUnitXMLReporter -->
<testsuite ignored="0" hostname="DESKTOP-P17A15D" failures="0" tests="5" name="Default test" time="17.726" errors="0" timestamp="2025-05-14T14:34:56 CDT">
  <testcase classname="testCases.TC02_Login_Ng" name="testLogin" time="1.811"/>
  <testcase classname="testCases.TC02_Login_Ng" name="testLogin" time="1.249"/>
  <testcase classname="testCases.TC02_Login_Ng" name="testLogin" time="1.311"/>
  <testcase classname="testCases.TC02_Login_Ng" name="testLogin" time="1.291"/>
  <testcase classname="testCases.TC02_Login_Ng" name="testLogin" time="1.37"/>
</testsuite> <!-- Default test -->
