<?xml version="1.0" encoding="UTF-8"?>
<!-- Generated by org.testng.reporters.JUnitXMLReporter -->
<testsuite ignored="0" hostname="DESKTOP-P17A15D" failures="0" tests="10" name="Test" time="71.528" errors="0" timestamp="2025-05-14T15:57:18 CDT">
  <testcase classname="testCases.TC02_Login_Ng" name="testLogin" time="1.767"/>
  <testcase classname="testCases.TC02_Login_Ng" name="testLogin" time="1.218"/>
  <testcase classname="testCases.TC02_Login_Ng" name="testLogin" time="1.322"/>
  <testcase classname="testCases.TC02_Login_Ng" name="testLogin" time="1.259"/>
  <testcase classname="testCases.TC02_Login_Ng" name="testLogin" time="1.392"/>
  <testcase classname="testCases.TC05_WishListNg" name="testAddToWishList" time="0.126"/>
  <testcase classname="testCases.TC06_AddAffiliateNg" name="testAddAffiliate" time="11.427"/>
  <testcase classname="testCases.TC01_LaunchApplication" name="testLaunchApplication" time="0.017"/>
  <testcase classname="testCases.TC04_CompletePurchaseNg" name="addToCart" time="25.48"/>
  <testcase classname="testCases.TC03_AddToCartNg" name="testAddToCart" time="6.368"/>
</testsuite> <!-- Test -->
